Chowme-in-aws-my-sample-app-android/MySampleApp/app/build/outputs/logs/manifest-merger-debug-report.txt
-- Merging decision tree log ---
manifest
ADDED from src/main/AndroidManifest.xml:16:1-45:12
INJECTED from src/main/AndroidManifest.xml:16:1-45:12
INJECTED from src/main/AndroidManifest.xml:16:1-45:12
INJECTED from src/main/AndroidManifest.xml:16:1-45:12
MERGED from [com.android.support:appcompat-v7:24.2.1] AndroidManifest.xml:17:1-27:12
MERGED from [com.android.support:support-v4:24.2.1] AndroidManifest.xml:17:1-27:12
MERGED from [com.amazonaws:aws-android-sdk-auth-userpools:2.6.16] AndroidManifest.xml:2:1-21:80
MERGED from [com.amazonaws:aws-android-sdk-auth-ui:2.6.16] AndroidManifest.xml:2:1-10:80
MERGED from [com.amazonaws:aws-android-sdk-auth-core:2.6.16] AndroidManifest.xml:2:1-4:80
MERGED from [com.android.support:multidex:1.0.3] AndroidManifest.xml:17:1-22:12
MERGED from [com.android.support:animated-vector-drawable:24.2.1] AndroidManifest.xml:17:1-24:12
MERGED from [com.android.support:support-vector-drawable:24.2.1] AndroidManifest.xml:17:1-25:12
MERGED from [com.android.support:support-fragment:24.2.1] AndroidManifest.xml:17:1-27:12
MERGED from [com.android.support:support-media-compat:24.2.1] AndroidManifest.xml:17:1-27:12
MERGED from [com.android.support:support-core-utils:24.2.1] AndroidManifest.xml:17:1-27:12
MERGED from [com.android.support:support-core-ui:24.2.1] AndroidManifest.xml:17:1-27:12
MERGED from [com.android.support:support-compat:24.2.1] AndroidManifest.xml:17:1-27:12
INJECTED from src/main/AndroidManifest.xml:16:1-45:12
INJECTED from src/main/AndroidManifest.xml:16:1-45:12
INJECTED from src/main/AndroidManifest.xml:16:1-45:12
	package
		ADDED from src/main/AndroidManifest.xml:17:5-30
		INJECTED from src/main/AndroidManifest.xml
		INJECTED from src/main/AndroidManifest.xml
	android:versionName
		INJECTED from src/main/AndroidManifest.xml
		ADDED from src/main/AndroidManifest.xml:16:1-45:12
		INJECTED from src/main/AndroidManifest.xml
	android:versionCode
		INJECTED from src/main/AndroidManifest.xml
		ADDED from src/main/AndroidManifest.xml:16:1-45:12
		INJECTED from src/main/AndroidManifest.xml
	xmlns:android
		ADDED from src/main/AndroidManifest.xml:16:11-69
uses-permission#android.permission.INTERNET
ADDED from src/main/AndroidManifest.xml:19:5-67
MERGED from [com.amazonaws:aws-android-sdk-auth-userpools:2.6.16] AndroidManifest.xml:4:5-66
MERGED from [com.amazonaws:aws-android-sdk-auth-userpools:2.6.16] AndroidManifest.xml:4:5-66
MERGED from [com.amazonaws:aws-android-sdk-auth-ui:2.6.16] AndroidManifest.xml:4:5-66
MERGED from [com.amazonaws:aws-android-sdk-auth-ui:2.6.16] AndroidManifest.xml:4:5-66
	android:name
		ADDED from src/main/AndroidManifest.xml:19:22-64
uses-permission#android.permission.ACCESS_NETWORK_STATE
ADDED from src/main/AndroidManifest.xml:20:5-79
MERGED from [com.amazonaws:aws-android-sdk-auth-userpools:2.6.16] AndroidManifest.xml:5:5-78
MERGED from [com.amazonaws:aws-android-sdk-auth-userpools:2.6.16] AndroidManifest.xml:5:5-78
MERGED from [com.amazonaws:aws-android-sdk-auth-ui:2.6.16] AndroidManifest.xml:5:5-78
MERGED from [com.amazonaws:aws-android-sdk-auth-ui:2.6.16] AndroidManifest.xml:5:5-78
	android:name
		ADDED from src/main/AndroidManifest.xml:20:22-76
uses-permission#android.permission.ACCESS_WIFI_STATE
ADDED from src/main/AndroidManifest.xml:21:5-76
MERGED from [com.amazonaws:aws-android-sdk-auth-userpools:2.6.16] AndroidManifest.xml:6:5-75
MERGED from [com.amazonaws:aws-android-sdk-auth-userpools:2.6.16] AndroidManifest.xml:6:5-75
	android:name
		ADDED from src/main/AndroidManifest.xml:21:22-73
application
ADDED from src/main/AndroidManifest.xml:23:5-44:19
MERGED from [com.android.support:appcompat-v7:24.2.1] AndroidManifest.xml:25:5-20
MERGED from [com.android.support:appcompat-v7:24.2.1] AndroidManifest.xml:25:5-20
MERGED from [com.android.support:support-v4:24.2.1] AndroidManifest.xml:25:5-20
MERGED from [com.android.support:support-v4:24.2.1] AndroidManifest.xml:25:5-20
MERGED from [com.amazonaws:aws-android-sdk-auth-userpools:2.6.16] AndroidManifest.xml:8:6-20:20
MERGED from [com.amazonaws:aws-android-sdk-auth-userpools:2.6.16] AndroidManifest.xml:8:6-20:20
MERGED from [com.amazonaws:aws-android-sdk-auth-ui:2.6.16] AndroidManifest.xml:7:5-9:19
MERGED from [com.amazonaws:aws-android-sdk-auth-ui:2.6.16] AndroidManifest.xml:7:5-9:19
MERGED from [com.android.support:animated-vector-drawable:24.2.1] AndroidManifest.xml:22:5-20
MERGED from [com.android.support:animated-vector-drawable:24.2.1] AndroidManifest.xml:22:5-20
MERGED from [com.android.support:support-vector-drawable:24.2.1] AndroidManifest.xml:23:5-20
MERGED from [com.android.support:support-vector-drawable:24.2.1] AndroidManifest.xml:23:5-20
MERGED from [com.android.support:support-fragment:24.2.1] AndroidManifest.xml:25:5-20
MERGED from [com.android.support:support-fragment:24.2.1] AndroidManifest.xml:25:5-20
MERGED from [com.android.support:support-media-compat:24.2.1] AndroidManifest.xml:25:5-20
MERGED from [com.android.support:support-media-compat:24.2.1] AndroidManifest.xml:25:5-20
MERGED from [com.android.support:support-core-utils:24.2.1] AndroidManifest.xml:25:5-20
MERGED from [com.android.support:support-core-utils:24.2.1] AndroidManifest.xml:25:5-20
MERGED from [com.android.support:support-core-ui:24.2.1] AndroidManifest.xml:25:5-20
MERGED from [com.android.support:support-core-ui:24.2.1] AndroidManifest.xml:25:5-20
MERGED from [com.android.support:support-compat:24.2.1] AndroidManifest.xml:25:5-20
MERGED from [com.android.support:support-compat:24.2.1] AndroidManifest.xml:25:5-20
	android:supportsRtl
		ADDED from [com.amazonaws:aws-android-sdk-auth-ui:2.6.16] AndroidManifest.xml:7:18-44
	android:label
		ADDED from src/main/AndroidManifest.xml:26:9-41
	android:icon
		ADDED from src/main/AndroidManifest.xml:25:9-43
	android:allowBackup
		ADDED from src/main/AndroidManifest.xml:24:9-35
	android:theme
		ADDED from src/main/AndroidManifest.xml:27:9-40
	android:name
		ADDED from src/main/AndroidManifest.xml:28:9-51
activity#com.mysampleapp.SplashActivity
ADDED from src/main/AndroidManifest.xml:30:9-38:20
	android:label
		ADDED from src/main/AndroidManifest.xml:32:13-45
	android:configChanges
		ADDED from src/main/AndroidManifest.xml:33:13-83
	android:name
		ADDED from src/main/AndroidManifest.xml:31:13-43
intent-filter#android.intent.action.MAIN+android.intent.category.LAUNCHER
ADDED from src/main/AndroidManifest.xml:34:13-37:29
action#android.intent.action.MAIN
ADDED from src/main/AndroidManifest.xml:35:17-69
	android:name
		ADDED from src/main/AndroidManifest.xml:35:25-66
category#android.intent.category.LAUNCHER
ADDED from src/main/AndroidManifest.xml:36:17-77
	android:name
		ADDED from src/main/AndroidManifest.xml:36:27-74
activity#com.mysampleapp.MainActivity
ADDED from src/main/AndroidManifest.xml:39:9-43:20
	android:label
		ADDED from src/main/AndroidManifest.xml:42:13-56
	android:launchMode
		ADDED from src/main/AndroidManifest.xml:41:13-48
	android:name
		ADDED from src/main/AndroidManifest.xml:40:13-41
uses-sdk
INJECTED from src/main/AndroidManifest.xml reason: use-sdk injection requested
INJECTED from src/main/AndroidManifest.xml
INJECTED from src/main/AndroidManifest.xml
MERGED from [com.android.support:appcompat-v7:24.2.1] AndroidManifest.xml:21:5-23:78
MERGED from [com.android.support:appcompat-v7:24.2.1] AndroidManifest.xml:21:5-23:78
MERGED from [com.android.support:support-v4:24.2.1] AndroidManifest.xml:21:5-23:54
MERGED from [com.android.support:support-v4:24.2.1] AndroidManifest.xml:21:5-23:54
MERGED from [com.amazonaws:aws-android-sdk-auth-userpools:2.6.16] AndroidManifest.xml:21:1-69
MERGED from [com.amazonaws:aws-android-sdk-auth-userpools:2.6.16] AndroidManifest.xml:21:1-69
MERGED from [com.amazonaws:aws-android-sdk-auth-ui:2.6.16] AndroidManifest.xml:10:1-69
MERGED from [com.amazonaws:aws-android-sdk-auth-ui:2.6.16] AndroidManifest.xml:10:1-69
MERGED from [com.amazonaws:aws-android-sdk-auth-core:2.6.16] AndroidManifest.xml:4:1-69
MERGED from [com.amazonaws:aws-android-sdk-auth-core:2.6.16] AndroidManifest.xml:4:1-69
MERGED from [com.android.support:multidex:1.0.3] AndroidManifest.xml:20:5-43
MERGED from [com.android.support:multidex:1.0.3] AndroidManifest.xml:20:5-43
MERGED from [com.android.support:animated-vector-drawable:24.2.1] AndroidManifest.xml:20:5-44
MERGED from [com.android.support:animated-vector-drawable:24.2.1] AndroidManifest.xml:20:5-44
MERGED from [com.android.support:support-vector-drawable:24.2.1] AndroidManifest.xml:21:5-43
MERGED from [com.android.support:support-vector-drawable:24.2.1] AndroidManifest.xml:21:5-43
MERGED from [com.android.support:support-fragment:24.2.1] AndroidManifest.xml:21:5-23:60
MERGED from [com.android.support:support-fragment:24.2.1] AndroidManifest.xml:21:5-23:60
MERGED from [com.android.support:support-media-compat:24.2.1] AndroidManifest.xml:21:5-23:63
MERGED from [com.android.support:support-media-compat:24.2.1] AndroidManifest.xml:21:5-23:63
MERGED from [com.android.support:support-core-utils:24.2.1] AndroidManifest.xml:21:5-23:61
MERGED from [com.android.support:support-core-utils:24.2.1] AndroidManifest.xml:21:5-23:61
MERGED from [com.android.support:support-core-ui:24.2.1] AndroidManifest.xml:21:5-23:58
MERGED from [com.android.support:support-core-ui:24.2.1] AndroidManifest.xml:21:5-23:58
MERGED from [com.android.support:support-compat:24.2.1] AndroidManifest.xml:21:5-23:58
MERGED from [com.android.support:support-compat:24.2.1] AndroidManifest.xml:21:5-23:58
INJECTED from src/main/AndroidManifest.xml
INJECTED from src/main/AndroidManifest.xml
	tools:overrideLibrary
		ADDED from [com.android.support:appcompat-v7:24.2.1] AndroidManifest.xml:23:9-75
	android:targetSdkVersion
		INJECTED from src/main/AndroidManifest.xml
		ADDED from src/main/AndroidManifest.xml
		INJECTED from src/main/AndroidManifest.xml
	android:minSdkVersion
		INJECTED from src/main/AndroidManifest.xml
		ADDED from src/main/AndroidManifest.xml
		INJECTED from src/main/AndroidManifest.xml
activity#com.amazonaws.mobile.auth.userpools.ForgotPasswordActivity
ADDED from [com.amazonaws:aws-android-sdk-auth-userpools:2.6.16] AndroidManifest.xml:9:10-10:21
	android:screenOrientation
		ADDED from [com.amazonaws:aws-android-sdk-auth-userpools:2.6.16] AndroidManifest.xml:9:220-256
	android:label
		ADDED from [com.amazonaws:aws-android-sdk-auth-userpools:2.6.16] AndroidManifest.xml:9:91-145
	android:configChanges
		ADDED from [com.amazonaws:aws-android-sdk-auth-userpools:2.6.16] AndroidManifest.xml:9:20-90
	android:name
		ADDED from [com.amazonaws:aws-android-sdk-auth-userpools:2.6.16] AndroidManifest.xml:9:146-219
activity#com.amazonaws.mobile.auth.userpools.SignUpActivity
ADDED from [com.amazonaws:aws-android-sdk-auth-userpools:2.6.16] AndroidManifest.xml:12:10-13:21
	android:screenOrientation
		ADDED from [com.amazonaws:aws-android-sdk-auth-userpools:2.6.16] AndroidManifest.xml:12:204-240
	android:label
		ADDED from [com.amazonaws:aws-android-sdk-auth-userpools:2.6.16] AndroidManifest.xml:12:91-137
	android:configChanges
		ADDED from [com.amazonaws:aws-android-sdk-auth-userpools:2.6.16] AndroidManifest.xml:12:20-90
	android:name
		ADDED from [com.amazonaws:aws-android-sdk-auth-userpools:2.6.16] AndroidManifest.xml:12:138-203
activity#com.amazonaws.mobile.auth.userpools.MFAActivity
ADDED from [com.amazonaws:aws-android-sdk-auth-userpools:2.6.16] AndroidManifest.xml:15:10-16:21
	android:screenOrientation
		ADDED from [com.amazonaws:aws-android-sdk-auth-userpools:2.6.16] AndroidManifest.xml:15:197-233
	android:label
		ADDED from [com.amazonaws:aws-android-sdk-auth-userpools:2.6.16] AndroidManifest.xml:15:91-133
	android:configChanges
		ADDED from [com.amazonaws:aws-android-sdk-auth-userpools:2.6.16] AndroidManifest.xml:15:20-90
	android:name
		ADDED from [com.amazonaws:aws-android-sdk-auth-userpools:2.6.16] AndroidManifest.xml:15:134-196
activity#com.amazonaws.mobile.auth.userpools.SignUpConfirmActivity
ADDED from [com.amazonaws:aws-android-sdk-auth-userpools:2.6.16] AndroidManifest.xml:18:10-19:21
	android:screenOrientation
		ADDED from [com.amazonaws:aws-android-sdk-auth-userpools:2.6.16] AndroidManifest.xml:18:219-255
	android:label
		ADDED from [com.amazonaws:aws-android-sdk-auth-userpools:2.6.16] AndroidManifest.xml:18:91-145
	android:configChanges
		ADDED from [com.amazonaws:aws-android-sdk-auth-userpools:2.6.16] AndroidManifest.xml:18:20-90
	android:name
		ADDED from [com.amazonaws:aws-android-sdk-auth-userpools:2.6.16] AndroidManifest.xml:18:146-218
activity#com.amazonaws.mobile.auth.ui.SignInActivity
ADDED from [com.amazonaws:aws-android-sdk-auth-ui:2.6.16] AndroidManifest.xml:8:9-234
	android:screenOrientation
		ADDED from [com.amazonaws:aws-android-sdk-auth-ui:2.6.16] AndroidManifest.xml:8:196-232
	android:label
		ADDED from [com.amazonaws:aws-android-sdk-auth-ui:2.6.16] AndroidManifest.xml:8:90-136
	android:configChanges
		ADDED from [com.amazonaws:aws-android-sdk-auth-ui:2.6.16] AndroidManifest.xml:8:19-89
	android:name
		ADDED from [com.amazonaws:aws-android-sdk-auth-ui:2.6.16] AndroidManifest.xml:8:137-195